<?xml version="1.0" encoding="UTF-8"?>
<!-- Generated by org.testng.reporters.JUnitReportReporter -->
<testsuite skipped="0" hostname="suryas-assist" name="TestCases.Test1" tests="2" failures="0" timestamp="14 Oct 2020 06:34:11 GMT" time="70.426" errors="0">
  <testcase name="Tes" time="37.074" classname="TestCases.Test1"/>
  <testcase name="Tes" time="33.352" classname="TestCases.Test1"/>
</testsuite> <!-- TestCases.Test1 -->
